0 info it worked if it ends with ok
1 verbose cli [ 'C:\\Program Files\\nodejs\\node.exe',
1 verbose cli   'C:\\Program Files\\nodejs\\node_modules\\npm\\bin\\npm-cli.js',
1 verbose cli   'install',
1 verbose cli   'funweb-functions' ]
2 info using npm@3.10.10
3 info using node@v6.10.1
4 silly loadCurrentTree Starting
5 silly install loadCurrentTree
6 silly install readLocalPackageData
7 silly fetchPackageMetaData funweb-functions
8 silly fetchNamedPackageData funweb-functions
9 silly mapToRegistry name funweb-functions
10 silly mapToRegistry using default registry
11 silly mapToRegistry registry https://registry.npmjs.org/
12 silly mapToRegistry data Result {
12 silly mapToRegistry   raw: 'funweb-functions',
12 silly mapToRegistry   scope: null,
12 silly mapToRegistry   escapedName: 'funweb-functions',
12 silly mapToRegistry   name: 'funweb-functions',
12 silly mapToRegistry   rawSpec: '',
12 silly mapToRegistry   spec: 'latest',
12 silly mapToRegistry   type: 'tag' }
13 silly mapToRegistry uri https://registry.npmjs.org/funweb-functions
14 verbose request uri https://registry.npmjs.org/funweb-functions
15 verbose request no auth needed
16 info attempt registry request try #1 at 11:29:39 AM
17 verbose request using bearer token for auth
18 verbose request id 5724f77666c67f9e
19 http request GET https://registry.npmjs.org/funweb-functions
20 http 200 https://registry.npmjs.org/funweb-functions
21 verbose headers { server: 'nginx/1.10.1',
21 verbose headers   'content-type': 'application/json',
21 verbose headers   'last-modified': 'Sat, 27 May 2017 08:29:07 GMT',
21 verbose headers   etag: 'W/"592938d3-55d"',
21 verbose headers   'content-encoding': 'gzip',
21 verbose headers   'cache-control': 'max-age=300',
21 verbose headers   'transfer-encoding': 'chunked',
21 verbose headers   'accept-ranges': 'bytes',
21 verbose headers   date: 'Sat, 27 May 2017 08:29:38 GMT',
21 verbose headers   via: '1.1 varnish',
21 verbose headers   connection: 'keep-alive',
21 verbose headers   'x-served-by': 'cache-fra1234-FRA',
21 verbose headers   'x-cache': 'MISS',
21 verbose headers   'x-cache-hits': '0',
21 verbose headers   'x-timer': 'S1495873778.273460,VS0,VE2',
21 verbose headers   vary: 'Accept-Encoding' }
22 silly get cb [ 200,
22 silly get   { server: 'nginx/1.10.1',
22 silly get     'content-type': 'application/json',
22 silly get     'last-modified': 'Sat, 27 May 2017 08:29:07 GMT',
22 silly get     etag: 'W/"592938d3-55d"',
22 silly get     'content-encoding': 'gzip',
22 silly get     'cache-control': 'max-age=300',
22 silly get     'transfer-encoding': 'chunked',
22 silly get     'accept-ranges': 'bytes',
22 silly get     date: 'Sat, 27 May 2017 08:29:38 GMT',
22 silly get     via: '1.1 varnish',
22 silly get     connection: 'keep-alive',
22 silly get     'x-served-by': 'cache-fra1234-FRA',
22 silly get     'x-cache': 'MISS',
22 silly get     'x-cache-hits': '0',
22 silly get     'x-timer': 'S1495873778.273460,VS0,VE2',
22 silly get     vary: 'Accept-Encoding' } ]
23 verbose get saving funweb-functions to C:\Users\Procop Vladimir\AppData\Roaming\npm-cache\registry.npmjs.org\funweb-functions\.cache.json
24 verbose correctMkdir C:\Users\Procop Vladimir\AppData\Roaming\npm-cache correctMkdir not in flight; initializing
25 silly install normalizeTree
26 silly loadCurrentTree Finishing
27 silly loadIdealTree Starting
28 silly install loadIdealTree
29 silly cloneCurrentTree Starting
30 silly install cloneCurrentTreeToIdealTree
31 silly cloneCurrentTree Finishing
32 silly loadShrinkwrap Starting
33 silly install loadShrinkwrap
34 silly loadShrinkwrap Finishing
35 silly loadAllDepsIntoIdealTree Starting
36 silly install loadAllDepsIntoIdealTree
37 silly resolveWithNewModule funweb-functions@1.0.0 checking installable status
38 silly cache add args [ 'funweb-functions', null ]
39 verbose cache add spec funweb-functions
40 silly cache add parsed spec Result {
40 silly cache add   raw: 'funweb-functions',
40 silly cache add   scope: null,
40 silly cache add   escapedName: 'funweb-functions',
40 silly cache add   name: 'funweb-functions',
40 silly cache add   rawSpec: '',
40 silly cache add   spec: 'latest',
40 silly cache add   type: 'tag' }
41 silly addNamed funweb-functions@latest
42 verbose addNamed "latest" is being treated as a dist-tag for funweb-functions
43 info addNameTag [ 'funweb-functions', 'latest' ]
44 silly mapToRegistry name funweb-functions
45 silly mapToRegistry using default registry
46 silly mapToRegistry registry https://registry.npmjs.org/
47 silly mapToRegistry data Result {
47 silly mapToRegistry   raw: 'funweb-functions',
47 silly mapToRegistry   scope: null,
47 silly mapToRegistry   escapedName: 'funweb-functions',
47 silly mapToRegistry   name: 'funweb-functions',
47 silly mapToRegistry   rawSpec: '',
47 silly mapToRegistry   spec: 'latest',
47 silly mapToRegistry   type: 'tag' }
48 silly mapToRegistry uri https://registry.npmjs.org/funweb-functions
49 verbose addNameTag registry:https://registry.npmjs.org/funweb-functions not in flight; fetching
50 verbose get https://registry.npmjs.org/funweb-functions not expired, no request
51 silly addNameTag next cb for funweb-functions with tag latest
52 silly addNamed funweb-functions@1.0.0
53 verbose addNamed "1.0.0" is a plain semver version for funweb-functions
54 silly cache afterAdd funweb-functions@1.0.0
55 verbose afterAdd C:\Users\Procop Vladimir\AppData\Roaming\npm-cache\funweb-functions\1.0.0\package\package.json not in flight; writing
56 verbose correctMkdir C:\Users\Procop Vladimir\AppData\Roaming\npm-cache correctMkdir not in flight; initializing
57 verbose afterAdd C:\Users\Procop Vladimir\AppData\Roaming\npm-cache\funweb-functions\1.0.0\package\package.json written
58 silly loadAllDepsIntoIdealTree Finishing
59 silly loadIdealTree Finishing
60 silly currentTree server@1.0.0
60 silly currentTree +-- accepts@1.3.3
60 silly currentTree +-- after@0.8.2
60 silly currentTree +-- array-flatten@1.1.1
60 silly currentTree +-- arraybuffer.slice@0.0.6
60 silly currentTree +-- backo2@1.0.2
60 silly currentTree +-- base64-arraybuffer@0.1.5
60 silly currentTree +-- base64id@1.0.0
60 silly currentTree +-- better-assert@1.0.2
60 silly currentTree +-- blob@0.0.4
60 silly currentTree +-- body-parser@1.17.1
60 silly currentTree +-- bytes@2.4.0
60 silly currentTree +-- callsite@1.0.0
60 silly currentTree +-- component-bind@1.0.0
60 silly currentTree +-- component-emitter@1.2.1
60 silly currentTree +-- component-inherit@0.0.3
60 silly currentTree +-- content-disposition@0.5.2
60 silly currentTree +-- content-type@1.0.2
60 silly currentTree +-- cookie-signature@1.0.6
60 silly currentTree +-- cookie@0.3.1
60 silly currentTree +-- debug@2.6.1
60 silly currentTree +-- depd@1.1.0
60 silly currentTree +-- destroy@1.0.4
60 silly currentTree +-- ee-first@1.1.1
60 silly currentTree +-- encodeurl@1.0.1
60 silly currentTree +-- engine.io-client@3.1.0
60 silly currentTree | +-- debug@2.6.4
60 silly currentTree | `-- ms@0.7.3
60 silly currentTree +-- engine.io-parser@2.1.1
60 silly currentTree +-- engine.io@3.1.0
60 silly currentTree | +-- debug@2.6.6
60 silly currentTree | `-- ms@0.7.3
60 silly currentTree +-- escape-html@1.0.3
60 silly currentTree +-- etag@1.8.0
60 silly currentTree +-- express@4.15.2
60 silly currentTree +-- finalhandler@1.0.2
60 silly currentTree | +-- debug@2.6.4
60 silly currentTree | `-- ms@0.7.3
60 silly currentTree +-- forwarded@0.1.0
60 silly currentTree +-- fresh@0.5.0
60 silly currentTree +-- funweb-functions@1.0.0
60 silly currentTree +-- has-binary2@1.0.2
60 silly currentTree +-- has-cors@1.1.0
60 silly currentTree +-- http-errors@1.6.1
60 silly currentTree +-- iconv-lite@0.4.15
60 silly currentTree +-- indexof@0.0.1
60 silly currentTree +-- inherits@2.0.3
60 silly currentTree +-- ipaddr.js@1.3.0
60 silly currentTree +-- isarray@2.0.1
60 silly currentTree +-- media-typer@0.3.0
60 silly currentTree +-- merge-descriptors@1.0.1
60 silly currentTree +-- methods@1.1.2
60 silly currentTree +-- mime-db@1.27.0
60 silly currentTree +-- mime-types@2.1.15
60 silly currentTree +-- mime@1.3.4
60 silly currentTree +-- ms@0.7.2
60 silly currentTree +-- negotiator@0.6.1
60 silly currentTree +-- object-assign@4.1.1
60 silly currentTree +-- object-component@0.0.3
60 silly currentTree +-- on-finished@2.3.0
60 silly currentTree +-- parsejson@0.0.3
60 silly currentTree +-- parseqs@0.0.5
60 silly currentTree +-- parseuri@0.0.5
60 silly currentTree +-- parseurl@1.3.1
60 silly currentTree +-- path-to-regexp@0.1.7
60 silly currentTree +-- proxy-addr@1.1.4
60 silly currentTree +-- qs@6.4.0
60 silly currentTree +-- range-parser@1.2.0
60 silly currentTree +-- raw-body@2.2.0
60 silly currentTree +-- safe-buffer@5.0.1
60 silly currentTree +-- send@0.15.1
60 silly currentTree +-- serve-static@1.12.1
60 silly currentTree +-- setprototypeof@1.0.3
60 silly currentTree +-- socket.io-adapter@1.1.0
60 silly currentTree | `-- debug@2.3.3
60 silly currentTree +-- socket.io-client@2.0.1
60 silly currentTree | +-- debug@2.6.4
60 silly currentTree | `-- ms@0.7.3
60 silly currentTree +-- socket.io-parser@3.1.2
60 silly currentTree | +-- debug@2.6.6
60 silly currentTree | `-- ms@0.7.3
60 silly currentTree +-- socket.io@2.0.1
60 silly currentTree | +-- debug@2.6.6
60 silly currentTree | `-- ms@0.7.3
60 silly currentTree +-- statuses@1.3.1
60 silly currentTree +-- to-array@0.1.4
60 silly currentTree +-- type-is@1.6.15
60 silly currentTree +-- ultron@1.1.0
60 silly currentTree +-- unpipe@1.0.0
60 silly currentTree +-- utils-merge@1.0.0
60 silly currentTree +-- uws@0.14.5
60 silly currentTree +-- vary@1.1.1
60 silly currentTree +-- ws@2.3.1
60 silly currentTree +-- xmlhttprequest-ssl@1.5.3
60 silly currentTree `-- yeast@0.1.2
61 silly idealTree server@1.0.0
61 silly idealTree +-- accepts@1.3.3
61 silly idealTree +-- after@0.8.2
61 silly idealTree +-- array-flatten@1.1.1
61 silly idealTree +-- arraybuffer.slice@0.0.6
61 silly idealTree +-- backo2@1.0.2
61 silly idealTree +-- base64-arraybuffer@0.1.5
61 silly idealTree +-- base64id@1.0.0
61 silly idealTree +-- better-assert@1.0.2
61 silly idealTree +-- blob@0.0.4
61 silly idealTree +-- body-parser@1.17.1
61 silly idealTree +-- bytes@2.4.0
61 silly idealTree +-- callsite@1.0.0
61 silly idealTree +-- component-bind@1.0.0
61 silly idealTree +-- component-emitter@1.2.1
61 silly idealTree +-- component-inherit@0.0.3
61 silly idealTree +-- content-disposition@0.5.2
61 silly idealTree +-- content-type@1.0.2
61 silly idealTree +-- cookie-signature@1.0.6
61 silly idealTree +-- cookie@0.3.1
61 silly idealTree +-- debug@2.6.1
61 silly idealTree +-- depd@1.1.0
61 silly idealTree +-- destroy@1.0.4
61 silly idealTree +-- ee-first@1.1.1
61 silly idealTree +-- encodeurl@1.0.1
61 silly idealTree +-- engine.io-client@3.1.0
61 silly idealTree | +-- debug@2.6.4
61 silly idealTree | `-- ms@0.7.3
61 silly idealTree +-- engine.io-parser@2.1.1
61 silly idealTree +-- engine.io@3.1.0
61 silly idealTree | +-- debug@2.6.6
61 silly idealTree | `-- ms@0.7.3
61 silly idealTree +-- escape-html@1.0.3
61 silly idealTree +-- etag@1.8.0
61 silly idealTree +-- express@4.15.2
61 silly idealTree +-- finalhandler@1.0.2
61 silly idealTree | +-- debug@2.6.4
61 silly idealTree | `-- ms@0.7.3
61 silly idealTree +-- forwarded@0.1.0
61 silly idealTree +-- fresh@0.5.0
61 silly idealTree +-- funweb-functions@1.0.0
61 silly idealTree +-- has-binary2@1.0.2
61 silly idealTree +-- has-cors@1.1.0
61 silly idealTree +-- http-errors@1.6.1
61 silly idealTree +-- iconv-lite@0.4.15
61 silly idealTree +-- indexof@0.0.1
61 silly idealTree +-- inherits@2.0.3
61 silly idealTree +-- ipaddr.js@1.3.0
61 silly idealTree +-- isarray@2.0.1
61 silly idealTree +-- media-typer@0.3.0
61 silly idealTree +-- merge-descriptors@1.0.1
61 silly idealTree +-- methods@1.1.2
61 silly idealTree +-- mime-db@1.27.0
61 silly idealTree +-- mime-types@2.1.15
61 silly idealTree +-- mime@1.3.4
61 silly idealTree +-- ms@0.7.2
61 silly idealTree +-- negotiator@0.6.1
61 silly idealTree +-- object-assign@4.1.1
61 silly idealTree +-- object-component@0.0.3
61 silly idealTree +-- on-finished@2.3.0
61 silly idealTree +-- parsejson@0.0.3
61 silly idealTree +-- parseqs@0.0.5
61 silly idealTree +-- parseuri@0.0.5
61 silly idealTree +-- parseurl@1.3.1
61 silly idealTree +-- path-to-regexp@0.1.7
61 silly idealTree +-- proxy-addr@1.1.4
61 silly idealTree +-- qs@6.4.0
61 silly idealTree +-- range-parser@1.2.0
61 silly idealTree +-- raw-body@2.2.0
61 silly idealTree +-- safe-buffer@5.0.1
61 silly idealTree +-- send@0.15.1
61 silly idealTree +-- serve-static@1.12.1
61 silly idealTree +-- setprototypeof@1.0.3
61 silly idealTree +-- socket.io-adapter@1.1.0
61 silly idealTree | `-- debug@2.3.3
61 silly idealTree +-- socket.io-client@2.0.1
61 silly idealTree | +-- debug@2.6.4
61 silly idealTree | `-- ms@0.7.3
61 silly idealTree +-- socket.io-parser@3.1.2
61 silly idealTree | +-- debug@2.6.6
61 silly idealTree | `-- ms@0.7.3
61 silly idealTree +-- socket.io@2.0.1
61 silly idealTree | +-- debug@2.6.6
61 silly idealTree | `-- ms@0.7.3
61 silly idealTree +-- statuses@1.3.1
61 silly idealTree +-- to-array@0.1.4
61 silly idealTree +-- type-is@1.6.15
61 silly idealTree +-- ultron@1.1.0
61 silly idealTree +-- unpipe@1.0.0
61 silly idealTree +-- utils-merge@1.0.0
61 silly idealTree +-- uws@0.14.5
61 silly idealTree +-- vary@1.1.1
61 silly idealTree +-- ws@2.3.1
61 silly idealTree +-- xmlhttprequest-ssl@1.5.3
61 silly idealTree `-- yeast@0.1.2
62 silly generateActionsToTake Starting
63 silly install generateActionsToTake
64 silly generateActionsToTake Finishing
65 silly diffTrees action count 1
66 silly diffTrees update funweb-functions@1.0.0
67 silly decomposeActions action count 9
68 silly decomposeActions remove funweb-functions@1.0.0
69 silly decomposeActions fetch funweb-functions@1.0.0
70 silly decomposeActions extract funweb-functions@1.0.0
71 silly decomposeActions test funweb-functions@1.0.0
72 silly decomposeActions preinstall funweb-functions@1.0.0
73 silly decomposeActions build funweb-functions@1.0.0
74 silly decomposeActions install funweb-functions@1.0.0
75 silly decomposeActions postinstall funweb-functions@1.0.0
76 silly decomposeActions finalize funweb-functions@1.0.0
77 silly runTopLevelLifecycles Starting
78 silly executeActions Starting
79 silly install executeActions
80 silly doSerial global-install 0
81 silly doParallel fetch 1
82 verbose correctMkdir C:\Users\Procop Vladimir\AppData\Roaming\npm-cache\_locks correctMkdir not in flight; initializing
83 verbose lock using C:\Users\Procop Vladimir\AppData\Roaming\npm-cache\_locks\staging-bcb579585f3f665c.lock for E:\FACULTATE\ProiecteWeb\BackEnd\funwebClientServer\server\node_modules\.staging
84 silly doParallel extract 1
85 silly extract funweb-functions@1.0.0
86 verbose unbuild node_modules\.staging\funweb-functions-7547ab62
87 silly gentlyRm E:\FACULTATE\ProiecteWeb\BackEnd\funwebClientServer\server\node_modules\.staging\funweb-functions-7547ab62 is being purged from base E:\FACULTATE\ProiecteWeb\BackEnd\funwebClientServer\server
88 verbose gentlyRm don't care about contents; nuking E:\FACULTATE\ProiecteWeb\BackEnd\funwebClientServer\server\node_modules\.staging\funweb-functions-7547ab62
89 verbose tar unpack C:\Users\Procop Vladimir\AppData\Roaming\npm-cache\funweb-functions\1.0.0\package.tgz
90 verbose tar unpacking to E:\FACULTATE\ProiecteWeb\BackEnd\funwebClientServer\server\node_modules\.staging\funweb-functions-7547ab62
91 silly gentlyRm E:\FACULTATE\ProiecteWeb\BackEnd\funwebClientServer\server\node_modules\.staging\funweb-functions-7547ab62 is being purged
92 verbose gentlyRm don't care about contents; nuking E:\FACULTATE\ProiecteWeb\BackEnd\funwebClientServer\server\node_modules\.staging\funweb-functions-7547ab62
93 silly gunzTarPerm modes [ '777', '666' ]
94 silly gunzTarPerm extractEntry package.json
95 silly gunzTarPerm extractEntry library.js
96 silly gentlyRm E:\FACULTATE\ProiecteWeb\BackEnd\funwebClientServer\server\node_modules\.staging\funweb-functions-7547ab62\node_modules is being purged
97 verbose gentlyRm don't care about contents; nuking E:\FACULTATE\ProiecteWeb\BackEnd\funwebClientServer\server\node_modules\.staging\funweb-functions-7547ab62\node_modules
98 silly doParallel preinstall 1
99 silly preinstall funweb-functions@1.0.0 E:\FACULTATE\ProiecteWeb\BackEnd\funwebClientServer\server\node_modules\.staging\funweb-functions-7547ab62
100 info lifecycle funweb-functions@1.0.0~preinstall: funweb-functions@1.0.0
101 silly lifecycle funweb-functions@1.0.0~preinstall: no script for preinstall, continuing
102 silly doReverseSerial remove 1
103 silly remove E:\FACULTATE\ProiecteWeb\BackEnd\funwebClientServer\server\node_modules\funweb-functions
104 verbose unbuild node_modules\funweb-functions
105 info lifecycle funweb-functions@1.0.0~preuninstall: funweb-functions@1.0.0
106 silly lifecycle funweb-functions@1.0.0~preuninstall: no script for preuninstall, continuing
107 info lifecycle funweb-functions@1.0.0~uninstall: funweb-functions@1.0.0
108 silly lifecycle funweb-functions@1.0.0~uninstall: no script for uninstall, continuing
109 verbose unbuild rmStuff funweb-functions@1.0.0 from E:\FACULTATE\ProiecteWeb\BackEnd\funwebClientServer\server\node_modules
110 info lifecycle funweb-functions@1.0.0~postuninstall: funweb-functions@1.0.0
111 silly lifecycle funweb-functions@1.0.0~postuninstall: no script for postuninstall, continuing
112 silly gentlyRm E:\FACULTATE\ProiecteWeb\BackEnd\funwebClientServer\server\node_modules\funweb-functions is being purged from base E:\FACULTATE\ProiecteWeb\BackEnd\funwebClientServer\server
113 verbose gentlyRm don't care about contents; nuking E:\FACULTATE\ProiecteWeb\BackEnd\funwebClientServer\server\node_modules\funweb-functions
114 silly vacuum-fs purging E:\FACULTATE\ProiecteWeb\BackEnd\funwebClientServer\server\node_modules\funweb-functions
115 verbose unlock done using C:\Users\Procop Vladimir\AppData\Roaming\npm-cache\_locks\staging-bcb579585f3f665c.lock for E:\FACULTATE\ProiecteWeb\BackEnd\funwebClientServer\server\node_modules\.staging
116 silly rollbackFailedOptional Starting
117 silly rollbackFailedOptional Finishing
118 silly runTopLevelLifecycles Finishing
119 silly install printInstalled
120 warn server@1.0.0 No description
121 verbose If you need help, you may report this error at:
121 verbose     <https://github.com/npm/npm/issues>
122 warn server@1.0.0 No repository field.
123 verbose If you need help, you may report this error at:
123 verbose     <https://github.com/npm/npm/issues>
124 verbose stack Error: EBUSY: resource busy or locked, rmdir 'E:\FACULTATE\ProiecteWeb\BackEnd\funwebClientServer\server\node_modules\funweb-functions'
124 verbose stack     at Error (native)
125 verbose cwd E:\FACULTATE\ProiecteWeb\BackEnd\funwebClientServer\server
126 error Windows_NT 6.3.9600
127 error argv "C:\\Program Files\\nodejs\\node.exe" "C:\\Program Files\\nodejs\\node_modules\\npm\\bin\\npm-cli.js" "install" "funweb-functions"
128 error node v6.10.1
129 error npm  v3.10.10
130 error path E:\FACULTATE\ProiecteWeb\BackEnd\funwebClientServer\server\node_modules\funweb-functions
131 error code EBUSY
132 error errno -4082
133 error syscall rmdir
134 error EBUSY: resource busy or locked, rmdir 'E:\FACULTATE\ProiecteWeb\BackEnd\funwebClientServer\server\node_modules\funweb-functions'
135 error If you need help, you may report this error at:
135 error     <https://github.com/npm/npm/issues>
136 verbose exit [ -4082, true ]
